18-09-06 14:55:51:Error at file[/vagrant/my/vendor/easyswoole/easyswoole/src/Core/Swoole/ServerManager.php] line[115] message:[Uncaught swoole_exception: failed to listen server port[0.0.0.0:9501]. Error: Address already in use[98]. in /vagrant/my/vendor/easyswoole/easyswoole/src/Core/Swoole/ServerManager.php:115
Stack trace:
#0 /vagrant/my/vendor/easyswoole/easyswoole/src/Core/Swoole/ServerManager.php(115): swoole_server->__construct('0.0.0.0', 9501, 3, 1)
#1 /vagrant/my/vendor/easyswoole/easyswoole/src/Core/Swoole/ServerManager.php(61): EasySwoole\Core\Swoole\ServerManager->createMainServer()
#2 /vagrant/my/vendor/easyswoole/easyswoole/src/Core/Core.php(45): EasySwoole\Core\Swoole\ServerManager->start()
#3 /vagrant/my/vendor/easyswoole/easyswoole/bin/easyswoole(322): EasySwoole\Core\Core->run()
#4 /vagrant/my/vendor/easyswoole/easyswoole/bin/easyswoole(25): serverStart(Array)
#5 /vagrant/my/vendor/easyswoole/easyswoole/bin/easyswoole(458): commandHandler()
#6 /vagrant/my/easyswoole(2): require('/vagrant/my/ven...')
#7 {main}
  thrown]
18-09-06 15:46:29:Error at file[/vagrant/my/App/HttpController/Api/Login.php] line[11] message:[Class 'App\HttpController\Api\AbstractBase' not found]
18-09-06 15:46:31:Error at file[/vagrant/my/App/HttpController/Api/Login.php] line[11] message:[Class 'App\HttpController\Api\AbstractBase' not found]
18-09-06 15:46:40:Error at file[/vagrant/my/App/HttpController/Api/Login.php] line[11] message:[Class 'App\HttpController\Api\AbstractBase' not found]
18-09-06 15:46:42:Error at file[/vagrant/my/App/HttpController/Api/Login.php] line[11] message:[Class 'App\HttpController\Api\AbstractBase' not found]
18-09-06 15:50:08:Error at file[/vagrant/my/App/HttpController/Api/Login.php] line[11] message:[Class 'App\HttpController\Api\AbstractBase' not found]
18-09-06 15:50:11:Error at file[/vagrant/my/App/HttpController/Api/Login.php] line[11] message:[Class 'App\HttpController\Api\AbstractBase' not found]
18-09-06 15:52:39:Error at file[/vagrant/my/App/HttpController/Api/Login.php] line[11] message:[Class 'App\HttpController\Api\AbstractBase' not found]
18-09-06 15:52:41:Error at file[/vagrant/my/App/HttpController/Api/Login.php] line[11] message:[Class 'App\HttpController\Api\AbstractBase' not found]
18-09-06 15:53:11:Error at file[/vagrant/my/App/HttpController/Api/Login.php] line[11] message:[Class 'App\HttpController\Api\AbstractBase' not found]
18-09-06 15:53:52:Error at file[/vagrant/my/App/HttpController/Api/Login.php] line[11] message:[Class 'App\HttpController\Api\AbstractBase' not found]
18-09-06 15:53:53:Error at file[/vagrant/my/App/HttpController/Api/Login.php] line[11] message:[Class 'App\HttpController\Api\AbstractBase' not found]
18-09-06 15:54:00:Error at file[/vagrant/my/App/HttpController/Api/Login.php] line[11] message:[Class 'App\HttpController\Api\AbstractBase' not found]
18-09-06 16:05:10:Error at file[/vagrant/my/App/HttpController/Api/Login.php] line[15] message:[Undefined index: code]
18-09-06 16:05:10:Error at file[/vagrant/my/App/HttpController/Api/Login.php] line[16] message:[Undefined index: user_info]
18-09-06 16:05:38:Error at file[/vagrant/my/App/HttpController/Api/Login.php] line[15] message:[Illegal string offset 'code']
18-09-06 16:05:38:Error at file[/vagrant/my/App/HttpController/Api/Login.php] line[16] message:[Illegal string offset 'user_info']
18-09-06 16:20:21:Error at file[/vagrant/my/App/HttpController/Api/Login.php] line[19] message:[Illegal string offset 'code']
18-09-06 16:20:21:Error at file[/vagrant/my/App/HttpController/Api/Login.php] line[20] message:[Illegal string offset 'userInfo']
18-09-06 16:20:21:Error at file[/vagrant/my/App/HttpController/Api/Login.php] line[21] message:[Illegal string offset 'userInfo']
18-09-06 17:34:57:Error at file[/vagrant/my/App/HttpController/Api/Login.php] line[43] message:[Undefined index: sessionKey]
18-09-07 09:30:56:Error at file[/vagrant/my/App/HttpController/Api/Login.php] line[81] message:[Undefined index: user_id]
18-09-07 09:30:56:Error at file[/vagrant/my/App/HttpController/Api/Login.php] line[83] message:[Undefined index: user_id]
18-09-07 09:30:56:Error at file[/vagrant/my/App/HttpController/Api/Login.php] line[86] message:[Undefined index: user_id]
18-09-07 09:31:26:Error at file[/vagrant/my/App/HttpController/Api/Login.php] line[81] message:[Undefined index: user_id]
18-09-07 09:31:26:Error at file[/vagrant/my/App/HttpController/Api/Login.php] line[83] message:[Undefined index: user_id]
18-09-07 09:31:26:Error at file[/vagrant/my/App/HttpController/Api/Login.php] line[86] message:[Undefined index: user_id]
18-09-07 09:31:26:Error at file[/vagrant/my/App/HttpController/Api/Login.php] line[96] message:[Illegal string offset 'userInfo']
18-09-07 09:31:26:Error at file[/vagrant/my/App/HttpController/Api/Login.php] line[96] message:[Cannot assign an empty string to a string offset]
18-09-07 09:32:46:Error at file[/vagrant/my/App/HttpController/Api/Login.php] line[81] message:[Undefined index: user_id]
18-09-07 09:32:46:Error at file[/vagrant/my/App/HttpController/Api/Login.php] line[83] message:[Undefined index: user_id]
18-09-07 09:32:46:Error at file[/vagrant/my/App/HttpController/Api/Login.php] line[86] message:[Undefined index: user_id]
18-09-07 09:32:46:Error at file[/vagrant/my/App/HttpController/Api/Login.php] line[96] message:[Illegal string offset 'userInfo']
18-09-07 09:32:46:Error at file[/vagrant/my/App/HttpController/Api/Login.php] line[96] message:[Cannot assign an empty string to a string offset]
18-09-07 09:33:03:Error at file[/vagrant/my/App/HttpController/Api/Login.php] line[96] message:[Illegal string offset 'userInfo']
18-09-07 09:33:03:Error at file[/vagrant/my/App/HttpController/Api/Login.php] line[96] message:[Cannot assign an empty string to a string offset]
18-09-07 09:33:41:Error at file[/vagrant/my/App/HttpController/Api/Login.php] line[81] message:[Undefined index: user_id]
18-09-07 09:33:41:Error at file[/vagrant/my/App/HttpController/Api/Login.php] line[83] message:[Undefined index: user_id]
18-09-07 09:33:41:Error at file[/vagrant/my/App/HttpController/Api/Login.php] line[86] message:[Undefined index: user_id]
18-09-07 09:33:41:Error at file[/vagrant/my/App/HttpController/Api/Login.php] line[96] message:[Illegal string offset 'userInfo']
18-09-07 09:33:41:Error at file[/vagrant/my/App/HttpController/Api/Login.php] line[96] message:[Cannot assign an empty string to a string offset]
18-09-07 09:37:11:Error at file[/vagrant/my/App/HttpController/Api/Login.php] line[99] message:[Illegal string offset 'userInfo']
18-09-07 09:37:11:Error at file[/vagrant/my/App/HttpController/Api/Login.php] line[99] message:[Array to string conversion]
18-09-07 09:40:46:Error at file[/vagrant/my/App/HttpController/Api/Login.php] line[94] message:[Illegal string offset 'userInfo']
18-09-07 09:40:46:Error at file[/vagrant/my/App/HttpController/Api/Login.php] line[94] message:[Array to string conversion]
18-09-07 09:42:48:Error at file[/vagrant/my/App/HttpController/Api/Login.php] line[95] message:[Illegal string offset 'userInfo']
18-09-07 09:42:48:Error at file[/vagrant/my/App/HttpController/Api/Login.php] line[95] message:[Array to string conversion]
18-09-07 09:56:07:Error at file[/vagrant/my/App/HttpController/Api/Login.php] line[95] message:[Illegal string offset 'userInfo']
18-09-07 09:56:07:Error at file[/vagrant/my/App/HttpController/Api/Login.php] line[95] message:[Array to string conversion]
18-09-07 10:57:10:Error at file[/vagrant/my/App/HttpController/Api/Login.php] line[47] message:[Undefined index: session_key]
18-09-07 12:18:31:Error at file[/vagrant/my/App/HttpController/Api/Login.php] line[47] message:[Undefined index: session_key]
18-09-07 12:20:14:Error at file[/vagrant/my/App/HttpController/Api/Login.php] line[47] message:[Undefined index: session_key]
18-09-07 12:20:29:Error at file[/vagrant/my/App/HttpController/Api/Login.php] line[47] message:[Undefined index: session_key]
18-09-07 12:21:22:Error at file[/vagrant/my/App/HttpController/Api/Login.php] line[47] message:[Undefined index: session_key]
